
> building-materials-website@1.0.0 stock
> node server/index.js

[jaf] stock API běží na http://localhost:3001/api/stock
[jaf] aktualizuji dostupnost…
[jaf] JAF_EMAIL/JAF_PASSWORD nenastaveno – běžím bez přihlášení (dostupnost bude omezená)
[jaf] kategorie: Stavební řezivo
[jaf] kategorie: KVH masivní konstrukční hranoly
[jaf] kategorie: DUO/TRIO dřevěné hranoly
[jaf] kategorie: BSH lepené vrstvené hranoly
[jaf] kategorie: Dřevěné konstrukční prvky
[jaf] kategorie: Laťovky
[jaf] objeveno 65 produktů v 6 kategoriích
[jaf]  …30/65
[jaf]  …60/65
[jaf] hotovo – 65 produktů
[jaf] aktualizuji dostupnost…
[jaf] JAF_EMAIL/JAF_PASSWORD nenastaveno – běžím bez přihlášení (dostupnost bude omezená)
[jaf]  …30/65
[jaf]  …60/65
[jaf] hotovo – 65 produktů
[jaf] aktualizuji dostupnost…
[jaf] JAF_EMAIL/JAF_PASSWORD nenastaveno – běžím bez přihlášení (dostupnost bude omezená)
[jaf]  …30/65
[jaf]  …60/65
[jaf] hotovo – 65 produktů
[jaf] aktualizuji dostupnost…
[jaf] JAF_EMAIL/JAF_PASSWORD nenastaveno – běžím bez přihlášení (dostupnost bude omezená)
[jaf]  …30/65
[jaf]  …60/65
[jaf] hotovo – 65 produktů
[jaf] aktualizuji dostupnost…
[jaf] JAF_EMAIL/JAF_PASSWORD nenastaveno – běžím bez přihlášení (dostupnost bude omezená)
[jaf]  …30/65
[jaf]  …60/65
[jaf] hotovo – 65 produktů
[jaf] aktualizuji dostupnost…
[jaf] JAF_EMAIL/JAF_PASSWORD nenastaveno – běžím bez přihlášení (dostupnost bude omezená)
[jaf]  …30/65
[jaf]  …60/65
[jaf] hotovo – 65 produktů
[jaf] aktualizuji dostupnost…
[jaf] JAF_EMAIL/JAF_PASSWORD nenastaveno – běžím bez přihlášení (dostupnost bude omezená)
[jaf]  …30/65
[jaf]  …60/65
[jaf] hotovo – 65 produktů
[jaf] aktualizuji dostupnost…
[jaf] JAF_EMAIL/JAF_PASSWORD nenastaveno – běžím bez přihlášení (dostupnost bude omezená)
[jaf]  …30/65
[jaf]  …60/65
[jaf] hotovo – 65 produktů
[jaf] aktualizuji dostupnost…
[jaf] JAF_EMAIL/JAF_PASSWORD nenastaveno – běžím bez přihlášení (dostupnost bude omezená)
[jaf]  …30/65
[jaf]  …60/65
[jaf] hotovo – 65 produktů
[jaf] aktualizuji dostupnost…
[jaf] JAF_EMAIL/JAF_PASSWORD nenastaveno – běžím bez přihlášení (dostupnost bude omezená)
[jaf]  …30/65
[jaf]  …60/65
[jaf] hotovo – 65 produktů
[jaf] aktualizuji dostupnost…
[jaf] JAF_EMAIL/JAF_PASSWORD nenastaveno – běžím bez přihlášení (dostupnost bude omezená)
[jaf]  …30/65
[jaf]  …60/65
[jaf] hotovo – 65 produktů
[jaf] aktualizuji dostupnost…
[jaf] JAF_EMAIL/JAF_PASSWORD nenastaveno – běžím bez přihlášení (dostupnost bude omezená)
[jaf]  …30/65
[jaf]  …60/65
[jaf] hotovo – 65 produktů
[jaf] aktualizuji dostupnost…
[jaf] JAF_EMAIL/JAF_PASSWORD nenastaveno – běžím bez přihlášení (dostupnost bude omezená)
[jaf]  …30/65
[jaf]  …60/65
[jaf] hotovo – 65 produktů
[jaf] aktualizuji dostupnost…
[jaf] JAF_EMAIL/JAF_PASSWORD nenastaveno – běžím bez přihlášení (dostupnost bude omezená)
[jaf]  …30/65
[jaf]  …60/65
[jaf] hotovo – 65 produktů
[jaf] aktualizuji dostupnost…
[jaf] JAF_EMAIL/JAF_PASSWORD nenastaveno – běžím bez přihlášení (dostupnost bude omezená)
[jaf]  …30/65
[jaf]  …60/65
[jaf] hotovo – 65 produktů
[jaf] aktualizuji dostupnost…
[jaf] JAF_EMAIL/JAF_PASSWORD nenastaveno – běžím bez přihlášení (dostupnost bude omezená)
[jaf]  …30/65
[jaf]  …60/65
[jaf] hotovo – 65 produktů
[jaf] aktualizuji dostupnost…
[jaf] JAF_EMAIL/JAF_PASSWORD nenastaveno – běžím bez přihlášení (dostupnost bude omezená)
[jaf]  …30/65
[jaf]  …60/65
[jaf] hotovo – 65 produktů
